#-----------------------------------------------------------
# Vivado v2018.3 (64-bit)
# SW Build 2405991 on Thu Dec  6 23:38:27 MST 2018
# IP Build 2404404 on Fri Dec  7 01:43:56 MST 2018
# Start of session at: Fri Apr 26 19:09:44 2019
# Process ID: 7196
# Current directory: D:/junsung.ahn/2019/Spring/ECE260/ECE260_Project_JunsungAhn_04262019
# Command line: vivado.exe -gui_launcher_event rodinguilauncherevent10208 D:\junsung.ahn\2019\Spring\ECE260\ECE260_Project_JunsungAhn_04262019\ECE260_Project_JunsungAhn_04262019.xpr
# Log file: D:/junsung.ahn/2019/Spring/ECE260/ECE260_Project_JunsungAhn_04262019/vivado.log
# Journal file: D:/junsung.ahn/2019/Spring/ECE260/ECE260_Project_JunsungAhn_04262019\vivado.jou
#-----------------------------------------------------------
start_gui
open_project D:/junsung.ahn/2019/Spring/ECE260/ECE260_Project_JunsungAhn_04262019/ECE260_Project_JunsungAhn_04262019.xpr
Scanning sources...
Finished scanning sources
INFO: [IP_Flow 19-234] Refreshing IP repositories
INFO: [IP_Flow 19-1704] No user IP repositories specified
INFO: [IP_Flow 19-2313] Loaded Vivado IP repository 'D:/Apps/Xilinx/Vivado/2018.3/data/ip'.
open_project: Time (s): cpu = 00:00:15 ; elapsed = 00:00:06 . Memory (MB): peak = 985.141 ; gain = 138.863
update_compile_order -fileset sources_1
open_hw
connect_hw_server
INFO: [Labtools 27-2285] Connecting to hw_server url TCP:localhost:3121
INFO: [Labtools 27-2222] Launching hw_server...
INFO: [Labtools 27-2221] Launch Output:

****** Xilinx hw_server v2018.3
  **** Build date : Dec  7 2018-00:40:27
    ** Copyright 1986-2018 Xilinx, Inc. All Rights Reserved.


open_hw_target
INFO: [Labtoolstcl 44-466] Opening hw_target localhost:3121/xilinx_tcf/Digilent/210292744438A
set_property PROGRAM.FILE {D:/junsung.ahn/2019/Spring/ECE260/ECE260_Project_JunsungAhn_04262019/ECE260_Project_JunsungAhn_04262019.runs/impl_2/Frq_Analyzer.bit} [get_hw_devices xc7a100t_0]
current_hw_device [get_hw_devices xc7a100t_0]
refresh_hw_device -update_hw_probes false [lindex [get_hw_devices xc7a100t_0] 0]
INFO: [Labtools 27-1435] Device xc7a100t (JTAG device index = 0) is not programmed (DONE status = 0).
set_property PROBES.FILE {} [get_hw_devices xc7a100t_0]
set_property FULL_PROBES.FILE {} [get_hw_devices xc7a100t_0]
set_property PROGRAM.FILE {D:/junsung.ahn/2019/Spring/ECE260/ECE260_Project_JunsungAhn_04262019/ECE260_Project_JunsungAhn_04262019.runs/impl_2/Frq_Analyzer.bit} [get_hw_devices xc7a100t_0]
program_hw_devices [get_hw_devices xc7a100t_0]
INFO: [Labtools 27-3164] End of startup status: HIGH
refresh_hw_device [lindex [get_hw_devices xc7a100t_0] 0]
INFO: [Labtools 27-1434] Device xc7a100t (JTAG device index = 0) is programmed with a design that has no supported debug core(s) in it.
exit
INFO: [Common 17-206] Exiting Vivado at Fri Apr 26 19:11:09 2019...
